<?xml version="1.0" encoding="UTF-8"?>
<!-- Generated by org.testng.reporters.JUnitReportReporter -->
<testsuite hostname="Unknown-" failures="0" tests="1" name="Demo1_Get_Request" time="6.122" errors="0" timestamp="2023-03-05T02:04:54 EST" skipped="0">
  <testcase classname="Demo1_Get_Request" name="GetBookDetails" time="6.122"/>
  <system-out/>
</testsuite> <!-- Demo1_Get_Request -->
