<?xml version="1.0" encoding="UTF-8"?>
<!-- Generated by org.testng.reporters.JUnitReportReporter -->
<testsuite hostname="Unknown-" failures="0" tests="1" name="Demo2_Post_Request" time="63.852" errors="0" timestamp="2023-03-04T20:53:31 EST" skipped="0">
  <testcase classname="Demo2_Post_Request" name="postRequestBooksAPI" time="63.852"/>
  <system-out/>
</testsuite> <!-- Demo2_Post_Request -->
